build/app/outputs/mapping/release/mapping.txt
# compiler: R8
# compiler_version: 1.5.64
# min_api: 16
# pg_map_id: 2d391df
com.example.you_car.MainActivity -> com.example.you_car.MainActivity:
    void configureFlutterEngine(io.flutter.embedding.engine.FlutterEngine) -> b
...
com.google.firebase.firestore.local.LocalViewChanges -> com.google.firebase.firestore.q0.u:
    com.google.firebase.database.collection.ImmutableSortedSet removed -> d
    boolean fromCache -> b
    com.google.firebase.database.collection.ImmutableSortedSet added -> c
    int targetId -> a
    com.google.firebase.firestore.local.LocalViewChanges fromViewSnapshot(int,com.google.firebase.firestore.core.ViewSnapshot) -> a
    com.google.firebase.database.collection.ImmutableSortedSet getAdded() -> a
    com.google.firebase.database.collection.ImmutableSortedSet getRemoved() -> b
    int getTargetId() -> c
    boolean isFromCache() -> d
com.google.firebase.firestore.local.LocalViewChanges$1 -> com.google.firebase.firestore.q0.u$a:
    int[] $SwitchMap$com$google$firebase$firestore$core$DocumentViewChange$Type -> a
com.google.firebase.firestore.local.LocalWriteResult -> com.google.firebase.firestore.q0.v:
    com.google.firebase.database.collection.ImmutableSortedMap changes -> b
    int batchId -> a
    int getBatchId() -> a
    com.google.firebase.database.collection.ImmutableSortedMap getChanges() -> b
com.google.firebase.firestore.local.LruDelegate -> com.google.firebase.firestore.q0.w:
    void forEachOrphanedDocumentSequenceNumber(com.google.firebase.firestore.util.Consumer) -> a
    int removeOrphanedDocuments(long) -> a
    int removeTargets(long,android.util.SparseArray) -> a
    void forEachTarget(com.google.firebase.firestore.util.Consumer) -> b
    long getByteSize() -> d
    long getSequenceNumberCount() -> e
    com.google.firebase.firestore.local.LruGarbageCollector getGarbageCollector() -> f
com.google.firebase.firestore.local.LruGarbageCollector -> com.google.firebase.firestore.q0.z:
    com.google.firebase.firestore.local.LruGarbageCollector$Params params -> b
    com.google.firebase.firestore.local.LruDelegate delegate -> a
    long REGULAR_GC_DELAY_MS -> d
    long INITIAL_GC_DELAY_MS -> c
    com.google.firebase.firestore.local.LruGarbageCollector$Params access$000(com.google.firebase.firestore.local.LruGarbageCollector) -> a
    int calculateQueryCount(int) -> a
    com.google.firebase.firestore.local.LruGarbageCollector$Results collect(android.util.SparseArray) -> a
    long getByteSize() -> a
    void lambda$getNthSequenceNumber$0(com.google.firebase.firestore.local.LruGarbageCollector$RollingSequenceNumberBuffer,com.google.firebase.firestore.local.QueryData) -> a
    com.google.firebase.firestore.local.LruGarbageCollector$Scheduler newScheduler(com.google.firebase.firestore.util.AsyncQueue,com.google.firebase.firestore.local.LocalStore) -> a
    int removeOrphanedDocuments(long) -> a
    int removeTargets(long,android.util.SparseArray) -> a
    long access$100() -> b
    long getNthSequenceNumber(int) -> b
    com.google.firebase.firestore.local.LruGarbageCollector$Results runGarbageCollection(android.util.SparseArray) -> b
    long access$200() -> c
com.google.firebase.firestore.local.LruGarbageCollector$$Lambda$1 -> com.google.firebase.firestore.q0.x:
    com.google.firebase.firestore.local.LruGarbageCollector$RollingSequenceNumberBuffer arg$1 -> a
    void accept(java.lang.Object) -> a
    com.google.firebase.firestore.util.Consumer lambdaFactory$(com.google.firebase.firestore.local.LruGarbageCollector$RollingSequenceNumberBuffer) -> a
com.google.firebase.firestore.local.LruGarbageCollector$$Lambda$2 -> com.google.firebase.firestore.q0.y:
    com.google.firebase.firestore.local.LruGarbageCollector$RollingSequenceNumberBuffer arg$1 -> a
    void accept(java.lang.Object) -> a
    com.google.firebase.firestore.util.Consumer lambdaFactory$(com.google.firebase.firestore.local.LruGarbageCollector$RollingSequenceNumberBuffer) -> a